c:\users\vishn\documents\1_automation_microcontrollers_6621_6631\mech 6621_microcontrollers\my_notes\joystick program\debug\vc120.pdb
c:\users\vishn\documents\1_automation_microcontrollers_6621_6631\mech 6621_microcontrollers\my_notes\joystick program\debug\shared_memory.obj
c:\users\vishn\documents\1_automation_microcontrollers_6621_6631\mech 6621_microcontrollers\my_notes\joystick program\debug\joystick.obj
c:\users\vishn\documents\1_automation_microcontrollers_6621_6631\mech 6621_microcontrollers\my_notes\joystick program\debug\joystick.ilk
c:\users\vishn\documents\1_automation_microcontrollers_6621_6631\mech 6621_microcontrollers\my_notes\joystick program\debug\joystick.exe
c:\users\vishn\documents\1_automation_microcontrollers_6621_6631\mech 6621_microcontrollers\my_notes\joystick program\debug\joystick.exe.intermediate.manifest
c:\users\vishn\documents\1_automation_microcontrollers_6621_6631\mech 6621_microcontrollers\my_notes\joystick program\debug\joystick.pdb
c:\users\vishn\documents\1_automation_microcontrollers_6621_6631\mech 6621_microcontrollers\my_notes\joystick program\debug\joystick.exe.manifest
c:\users\vishn\documents\1_automation_microcontrollers_6621_6631\mech 6621_microcontrollers\my_notes\joystick program\debug\joystick.res
c:\users\vishn\documents\1_automation_microcontrollers_6621_6631\mech 6621_microcontrollers\my_notes\joystick program\.\debug\joystick.exe.manifest
c:\users\vishn\documents\1_automation_microcontrollers_6621_6631\mech 6621_microcontrollers\my_notes\joystick program\.\debug\joystick.exe
c:\users\vishn\documents\1_automation_microcontrollers_6621_6631\mech 6621_microcontrollers\my_notes\joystick program\.\debug\joystick.exe.intermediate.manifest
c:\users\vishn\documents\1_automation_microcontrollers_6621_6631\mech 6621_microcontrollers\my_notes\joystick program\debug\joystick.tlog\cl.command.1.tlog
c:\users\vishn\documents\1_automation_microcontrollers_6621_6631\mech 6621_microcontrollers\my_notes\joystick program\debug\joystick.tlog\cl.read.1.tlog
c:\users\vishn\documents\1_automation_microcontrollers_6621_6631\mech 6621_microcontrollers\my_notes\joystick program\debug\joystick.tlog\cl.write.1.tlog
c:\users\vishn\documents\1_automation_microcontrollers_6621_6631\mech 6621_microcontrollers\my_notes\joystick program\debug\joystick.tlog\link.command.1.tlog
c:\users\vishn\documents\1_automation_microcontrollers_6621_6631\mech 6621_microcontrollers\my_notes\joystick program\debug\joystick.tlog\link.read.1.tlog
c:\users\vishn\documents\1_automation_microcontrollers_6621_6631\mech 6621_microcontrollers\my_notes\joystick program\debug\joystick.tlog\link.write.1.tlog
c:\users\vishn\documents\1_automation_microcontrollers_6621_6631\mech 6621_microcontrollers\my_notes\joystick program\debug\joystick.tlog\mt.command.1.tlog
c:\users\vishn\documents\1_automation_microcontrollers_6621_6631\mech 6621_microcontrollers\my_notes\joystick program\debug\joystick.tlog\mt.read.1.tlog
c:\users\vishn\documents\1_automation_microcontrollers_6621_6631\mech 6621_microcontrollers\my_notes\joystick program\debug\joystick.tlog\mt.write.1.tlog
c:\users\vishn\documents\1_automation_microcontrollers_6621_6631\mech 6621_microcontrollers\my_notes\joystick program\debug\joystick.tlog\rc.command.1.tlog
c:\users\vishn\documents\1_automation_microcontrollers_6621_6631\mech 6621_microcontrollers\my_notes\joystick program\debug\joystick.tlog\rc.read.1.tlog
c:\users\vishn\documents\1_automation_microcontrollers_6621_6631\mech 6621_microcontrollers\my_notes\joystick program\debug\joystick.tlog\rc.write.1.tlog
